<?xml version="1.0" encoding="UTF-8"?>
<coverage generated="1715817827996" clover="3.2.0">
  <project timestamp="1715817827996" name="All files">
    <metrics statements="15" coveredstatements="15" conditionals="6" coveredconditionals="4" methods="2" coveredmethods="2" elements="23" coveredelements="21" complexity="0" loc="15" ncloc="15" packages="1" files="1" classes="1"/>
    <file name="InputText.jsx" path="C:\Users\gabri\Desktop\Visual studio\Frontend-Bootcamp\frontend-bootcamp-db1-2024\src\components\InputText.jsx">
      <metrics statements="15" coveredstatements="15" conditionals="6" coveredconditionals="4" methods="2" coveredmethods="2"/>
      <line num="7" count="6" type="stmt"/>
      <line num="9" count="6" type="stmt"/>
      <line num="10" count="6" type="stmt"/>
      <line num="12" count="6" type="cond" truecount="2" falsecount="0"/>
      <line num="14" count="6" type="stmt"/>
      <line num="15" count="2" type="stmt"/>
      <line num="16" count="2" type="stmt"/>
      <line num="17" count="2" type="stmt"/>
      <line num="19" count="2" type="cond" truecount="1" falsecount="1"/>
      <line num="20" count="2" type="stmt"/>
      <line num="21" count="2" type="stmt"/>
      <line num="22" count="2" type="stmt"/>
      <line num="25" count="2" type="cond" truecount="1" falsecount="1"/>
      <line num="26" count="2" type="stmt"/>
      <line num="36" count="6" type="stmt"/>
    </file>
  </project>
</coverage>
