{"C:\\Users\\gabri\\Desktop\\Visual studio\\Frontend-Bootcamp\\frontend-bootcamp-db1-2024\\src\\components\\InputText.jsx": {"path":"C:\\Users\\gabri\\Desktop\\Visual studio\\Frontend-Bootcamp\\frontend-bootcamp-db1-2024\\src\\components\\InputText.jsx","statementMap":{"0":{"start":{"line":7,"column":6},"end":{"line":7,"column":11}},"1":{"start":{"line":9,"column":42},"end":{"line":9,"column":56}},"2":{"start":{"line":10,"column":32},"end":{"line":10,"column":46}},"3":{"start":{"line":12,"column":25},"end":{"line":12,"column":59}},"4":{"start":{"line":14,"column":27},"end":{"line":34,"column":3}},"5":{"start":{"line":15,"column":28},"end":{"line":15,"column":40}},"6":{"start":{"line":16,"column":4},"end":{"line":16,"column":21}},"7":{"start":{"line":17,"column":18},"end":{"line":17,"column":22}},"8":{"start":{"line":19,"column":4},"end":{"line":23,"column":5}},"9":{"start":{"line":20,"column":22},"end":{"line":20,"column":37}},"10":{"start":{"line":21,"column":6},"end":{"line":21,"column":31}},"11":{"start":{"line":22,"column":6},"end":{"line":22,"column":25}},"12":{"start":{"line":25,"column":4},"end":{"line":33,"column":5}},"13":{"start":{"line":26,"column":6},"end":{"line":32,"column":9}},"14":{"start":{"line":36,"column":2},"end":{"line":57,"column":4}}},"fnMap":{"0":{"name":"InputText","decl":{"start":{"line":4,"column":9},"end":{"line":4,"column":18}},"loc":{"start":{"line":4,"column":26},"end":{"line":58,"column":1}},"line":4},"1":{"name":"(anonymous_1)","decl":{"start":{"line":14,"column":27},"end":{"line":14,"column":28}},"loc":{"start":{"line":14,"column":38},"end":{"line":34,"column":3}},"line":14}},"branchMap":{"0":{"loc":{"start":{"line":12,"column":25},"end":{"line":12,"column":59}},"type":"cond-expr","locations":[{"start":{"line":12,"column":40},"end":{"line":12,"column":47}},{"start":{"line":12,"column":50},"end":{"line":12,"column":59}}],"line":12},"1":{"loc":{"start":{"line":19,"column":4},"end":{"line":23,"column":5}},"type":"if","locations":[{"start":{"line":19,"column":4},"end":{"line":23,"column":5}},{"start":{},"end":{}}],"line":19},"2":{"loc":{"start":{"line":25,"column":4},"end":{"line":33,"column":5}},"type":"if","locations":[{"start":{"line":25,"column":4},"end":{"line":33,"column":5}},{"start":{},"end":{}}],"line":25}},"s":{"0":6,"1":6,"2":6,"3":6,"4":6,"5":2,"6":2,"7":2,"8":2,"9":2,"10":2,"11":2,"12":2,"13":2,"14":6},"f":{"0":6,"1":2},"b":{"0":[1,5],"1":[2,0],"2":[2,0]},"_coverageSchema":"1a1c01bbd47fc00a2c39e90264f33305004495a9","hash":"60f4a36c01c2c6dee8e8eb05278ae267077b5eca"}
}
